<?xml version="1.0" encoding="UTF-8"?>
<!-- Generated by org.testng.reporters.JUnitXMLReporter -->
<testsuite ignored="0" hostname="IN-49D3FK3" failures="0" tests="5" name="Test" time="0.079" errors="0" timestamp="2024-01-23T11:03:32 IST">
  <testcase classname="jenkins.testcases.TC_01TestCasestart" name="TestCase1" time="0.011"/>
  <testcase classname="jenkins.testcases.TC_04FourthTestCase" name="TestCase4" time="0.001"/>
  <testcase classname="jenkins.testcases.TC_02SecondCasestart" name="TestCase2" time="0.001"/>
  <testcase classname="jenkins.testcases.TC_03ThirdCasestart" name="TestCase3" time="0.002"/>
  <testcase classname="jenkins.testcases.TC_05FifthTestCase" name="TestCase1" time="0.001"/>
</testsuite> <!-- Test -->
