<?xml version="1.0" encoding="UTF-8"?>
<testng-results ignored="0" total="5" passed="5" failed="0" skipped="0">
  <reporter-output>
  </reporter-output>
  <suite started-at="2024-01-23T11:03:32 IST" name="Suite" finished-at="2024-01-23T11:03:32 IST" duration-ms="79">
    <groups>
    </groups>
    <test started-at="2024-01-23T11:03:32 IST" name="Test" finished-at="2024-01-23T11:03:32 IST" duration-ms="79">
      <class name="jenkins.testcases.TC_01TestCasestart">
        <test-method signature="TestCase1()[pri:0, instance:jenkins.testcases.TC_01TestCasestart@32502377]" started-at="2024-01-23T11:03:32 IST" name="TestCase1" finished-at="2024-01-23T11:03:32 IST" duration-ms="11" status="PASS">
          <reporter-output>
          </reporter-output>
        </test-method> <!-- TestCase1 -->
      </class> <!-- jenkins.testcases.TC_01TestCasestart -->
      <class name="jenkins.testcases.TC_03ThirdCasestart">
        <test-method signature="TestCase3()[pri:0, instance:jenkins.testcases.TC_03ThirdCasestart@54a7079e]" started-at="2024-01-23T11:03:32 IST" name="TestCase3" finished-at="2024-01-23T11:03:32 IST" duration-ms="2" status="PASS">
          <reporter-output>
          </reporter-output>
        </test-method> <!-- TestCase3 -->
      </class> <!-- jenkins.testcases.TC_03ThirdCasestart -->
      <class name="jenkins.testcases.TC_02SecondCasestart">
        <test-method signature="TestCase2()[pri:0, instance:jenkins.testcases.TC_02SecondCasestart@4310d43]" started-at="2024-01-23T11:03:32 IST" name="TestCase2" finished-at="2024-01-23T11:03:32 IST" duration-ms="1" status="PASS">
          <reporter-output>
          </reporter-output>
        </test-method> <!-- TestCase2 -->
      </class> <!-- jenkins.testcases.TC_02SecondCasestart -->
      <class name="jenkins.testcases.TC_04FourthTestCase">
        <test-method signature="TestCase4()[pri:0, instance:jenkins.testcases.TC_04FourthTestCase@61001b64]" started-at="2024-01-23T11:03:32 IST" name="TestCase4" finished-at="2024-01-23T11:03:32 IST" duration-ms="1" status="PASS">
          <reporter-output>
          </reporter-output>
        </test-method> <!-- TestCase4 -->
      </class> <!-- jenkins.testcases.TC_04FourthTestCase -->
      <class name="jenkins.testcases.TC_05FifthTestCase">
        <test-method signature="TestCase1()[pri:0, instance:jenkins.testcases.TC_05FifthTestCase@26e356f0]" started-at="2024-01-23T11:03:32 IST" name="TestCase1" finished-at="2024-01-23T11:03:32 IST" duration-ms="1" status="PASS">
          <reporter-output>
          </reporter-output>
        </test-method> <!-- TestCase1 -->
      </class> <!-- jenkins.testcases.TC_05FifthTestCase -->
    </test> <!-- Test -->
  </suite> <!-- Suite -->
</testng-results>
